<?xml version="1.0" encoding="UTF-8"?>
<coverage generated="1638150232722" clover="3.2.0">
  <project timestamp="1638150232722" name="All files">
    <metrics statements="5" coveredstatements="5" conditionals="0" coveredconditionals="0" methods="4" coveredmethods="4" elements="9" coveredelements="9" complexity="0" loc="5" ncloc="5" packages="1" files="1" classes="1"/>
    <file name="arith.js" path="/Users/vivio/.code/circleci-template/arith.js">
      <metrics statements="5" coveredstatements="5" conditionals="0" coveredconditionals="0" methods="4" coveredmethods="4"/>
      <line num="1" count="3" type="stmt"/>
      <line num="2" count="3" type="stmt"/>
      <line num="3" count="3" type="stmt"/>
      <line num="4" count="3" type="stmt"/>
      <line num="6" count="3" type="stmt"/>
    </file>
  </project>
</coverage>
